<?xml version="1.0" encoding="UTF-8"?>
<testsuite xmlns:xsi="http://www.w3.org/2001/XMLSchema-instance" xsi:noNamespaceSchemaLocation="https://maven.apache.org/surefire/maven-surefire-plugin/xsd/surefire-test-report-3.0.xsd" version="3.0" name="NotesControllerTest" time="2.127" tests="7" errors="0" skipped="0" failures="0">
  <properties>
[...]
</properties>
  <testcase name="testAddClicked_ValidInput" classname="NotesControllerTest" time="0.785">
    <system-out><![CDATA[Запись успешно добавлена.
]]></system-out>
    <system-err><![CDATA[дек 27, 2024 10:53:35 AM org.example.NotesController initialize
INFO: Контроллер инициализирован.
дек 27, 2024 10:53:35 AM org.example.NotesController addClicked
INFO: Добавление заметки: Valid Name - Valid Text успешно?
]]></system-err>
  </testcase>
  <testcase name="testPaginationClicked" classname="NotesControllerTest" time="0.217">
    <system-err><![CDATA[дек 27, 2024 10:53:36 AM org.example.NotesController initialize
INFO: Контроллер инициализирован.
дек 27, 2024 10:53:36 AM org.example.NotesController paginationClicked
INFO: Pagination: 0
дек 27, 2024 10:53:36 AM org.example.NotesController paginationClicked
INFO: Всего записей: 4
]]></system-err>
  </testcase>
  <testcase name="testDeleteClicked_InvalidInput" classname="NotesControllerTest" time="0.217">
    <system-err><![CDATA[дек 27, 2024 10:53:36 AM org.example.NotesController initialize
INFO: Контроллер инициализирован.
дек 27, 2024 10:53:36 AM org.example.NotesController deleteClicked
WARNING: Ошибка при удалении?
]]></system-err>
  </testcase>
  <testcase name="testInitialize" classname="NotesControllerTest" time="0.215">
    <system-err><![CDATA[дек 27, 2024 10:53:36 AM org.example.NotesController initialize
INFO: Контроллер инициализирован.
]]></system-err>
  </testcase>
  <testcase name="testAddClicked_InvalidInput" classname="NotesControllerTest" time="0.214">
    <system-err><![CDATA[дек 27, 2024 10:53:36 AM org.example.NotesController initialize
INFO: Контроллер инициализирован.
дек 27, 2024 10:53:36 AM org.example.NotesController addClicked
WARNING: Условия добавления не соблюдены?
]]></system-err>
  </testcase>
  <testcase name="testDeleteClicked_ValidInput" classname="NotesControllerTest" time="0.225">
    <system-out><![CDATA[Запись с id 1 не найдена.
]]></system-out>
    <system-err><![CDATA[дек 27, 2024 10:53:36 AM org.example.NotesController initialize
INFO: Контроллер инициализирован.
дек 27, 2024 10:53:36 AM org.example.NotesController deleteClicked
INFO: Удаление ID 1 успешно?
]]></system-err>
  </testcase>
  <testcase name="testFilterClicked" classname="NotesControllerTest" time="0.219">
    <system-err><![CDATA[дек 27, 2024 10:53:37 AM org.example.NotesController initialize
INFO: Контроллер инициализирован.
дек 27, 2024 10:53:37 AM org.example.NotesController filterClicked
INFO: Фильтр применён: ID успешно?
]]></system-err>
  </testcase>
</testsuite>